{"level":"error","message":"connect ECONNREFUSED 127.0.0.1:27017 connect ECONNREFUSED 127.0.0.1:27017","reason":{"compatible":true,"heartbeatFrequencyMS":10000,"localThresholdMS":15,"servers":{},"stale":false,"type":"Unknown"},"stack":"MongooseServerSelectionError: connect ECONNREFUSED 127.0.0.1:27017\n    at NativeConnection.Connection.openUri (E:\\fresh-start\\Node.js The Complete Guide to Build RESTful APIs (2018)\\practice\\video rental app\\node_modules\\mongoose\\lib\\connection.js:801:32)\n    at E:\\fresh-start\\Node.js The Complete Guide to Build RESTful APIs (2018)\\practice\\video rental app\\node_modules\\mongoose\\lib\\index.js:341:10\n    at E:\\fresh-start\\Node.js The Complete Guide to Build RESTful APIs (2018)\\practice\\video rental app\\node_modules\\mongoose\\lib\\helpers\\promiseOrCallback.js:32:5\n    at new Promise (<anonymous>)\n    at promiseOrCallback (E:\\fresh-start\\Node.js The Complete Guide to Build RESTful APIs (2018)\\practice\\video rental app\\node_modules\\mongoose\\lib\\helpers\\promiseOrCallback.js:31:10)\n    at Mongoose._promiseOrCallback (E:\\fresh-start\\Node.js The Complete Guide to Build RESTful APIs (2018)\\practice\\video rental app\\node_modules\\mongoose\\lib\\index.js:1167:10)\n    at Mongoose.connect (E:\\fresh-start\\Node.js The Complete Guide to Build RESTful APIs (2018)\\practice\\video rental app\\node_modules\\mongoose\\lib\\index.js:340:20)\n    at Object.<anonymous> (E:\\fresh-start\\Node.js The Complete Guide to Build RESTful APIs (2018)\\practice\\video rental app\\index.js:36:4)\n    at Module._compile (node:internal/modules/cjs/loader:1101:14)\n    at Object.Module._extensions..js (node:internal/modules/cjs/loader:1153:10)\n    at Module.load (node:internal/modules/cjs/loader:981:32)\n    at Function.Module._load (node:internal/modules/cjs/loader:822:12)\n    at Function.executeUserEntryPoint [as runMain] (node:internal/modules/run_main:81:12)\n    at node:internal/main/run_main_module:17:47"}
{"level":"error","message":"connect ECONNREFUSED 127.0.0.1:27017 connect ECONNREFUSED 127.0.0.1:27017","reason":{"compatible":true,"heartbeatFrequencyMS":10000,"localThresholdMS":15,"servers":{},"stale":false,"type":"Unknown"},"stack":"MongooseServerSelectionError: connect ECONNREFUSED 127.0.0.1:27017\n    at NativeConnection.Connection.openUri (E:\\fresh-start\\Node.js The Complete Guide to Build RESTful APIs (2018)\\practice\\video rental app\\node_modules\\mongoose\\lib\\connection.js:801:32)\n    at E:\\fresh-start\\Node.js The Complete Guide to Build RESTful APIs (2018)\\practice\\video rental app\\node_modules\\mongoose\\lib\\index.js:341:10\n    at E:\\fresh-start\\Node.js The Complete Guide to Build RESTful APIs (2018)\\practice\\video rental app\\node_modules\\mongoose\\lib\\helpers\\promiseOrCallback.js:32:5\n    at new Promise (<anonymous>)\n    at promiseOrCallback (E:\\fresh-start\\Node.js The Complete Guide to Build RESTful APIs (2018)\\practice\\video rental app\\node_modules\\mongoose\\lib\\helpers\\promiseOrCallback.js:31:10)\n    at Mongoose._promiseOrCallback (E:\\fresh-start\\Node.js The Complete Guide to Build RESTful APIs (2018)\\practice\\video rental app\\node_modules\\mongoose\\lib\\index.js:1167:10)\n    at Mongoose.connect (E:\\fresh-start\\Node.js The Complete Guide to Build RESTful APIs (2018)\\practice\\video rental app\\node_modules\\mongoose\\lib\\index.js:340:20)\n    at Object.<anonymous> (E:\\fresh-start\\Node.js The Complete Guide to Build RESTful APIs (2018)\\practice\\video rental app\\index.js:36:4)\n    at Module._compile (node:internal/modules/cjs/loader:1101:14)\n    at Object.Module._extensions..js (node:internal/modules/cjs/loader:1153:10)\n    at Module.load (node:internal/modules/cjs/loader:981:32)\n    at Function.Module._load (node:internal/modules/cjs/loader:822:12)\n    at Function.executeUserEntryPoint [as runMain] (node:internal/modules/run_main:81:12)\n    at node:internal/main/run_main_module:17:47"}
{"level":"error","message":"connect ECONNREFUSED 127.0.0.1:27017 connect ECONNREFUSED 127.0.0.1:27017","reason":{"compatible":true,"heartbeatFrequencyMS":10000,"localThresholdMS":15,"servers":{},"stale":false,"type":"Unknown"},"stack":"MongooseServerSelectionError: connect ECONNREFUSED 127.0.0.1:27017\n    at NativeConnection.Connection.openUri (E:\\fresh-start\\Node.js The Complete Guide to Build RESTful APIs (2018)\\practice\\video rental app\\node_modules\\mongoose\\lib\\connection.js:801:32)\n    at E:\\fresh-start\\Node.js The Complete Guide to Build RESTful APIs (2018)\\practice\\video rental app\\node_modules\\mongoose\\lib\\index.js:341:10\n    at E:\\fresh-start\\Node.js The Complete Guide to Build RESTful APIs (2018)\\practice\\video rental app\\node_modules\\mongoose\\lib\\helpers\\promiseOrCallback.js:32:5\n    at new Promise (<anonymous>)\n    at promiseOrCallback (E:\\fresh-start\\Node.js The Complete Guide to Build RESTful APIs (2018)\\practice\\video rental app\\node_modules\\mongoose\\lib\\helpers\\promiseOrCallback.js:31:10)\n    at Mongoose._promiseOrCallback (E:\\fresh-start\\Node.js The Complete Guide to Build RESTful APIs (2018)\\practice\\video rental app\\node_modules\\mongoose\\lib\\index.js:1167:10)\n    at Mongoose.connect (E:\\fresh-start\\Node.js The Complete Guide to Build RESTful APIs (2018)\\practice\\video rental app\\node_modules\\mongoose\\lib\\index.js:340:20)\n    at Object.<anonymous> (E:\\fresh-start\\Node.js The Complete Guide to Build RESTful APIs (2018)\\practice\\video rental app\\index.js:37:4)\n    at Module._compile (node:internal/modules/cjs/loader:1101:14)\n    at Object.Module._extensions..js (node:internal/modules/cjs/loader:1153:10)\n    at Module.load (node:internal/modules/cjs/loader:981:32)\n    at Function.Module._load (node:internal/modules/cjs/loader:822:12)\n    at Function.executeUserEntryPoint [as runMain] (node:internal/modules/run_main:81:12)\n    at node:internal/main/run_main_module:17:47"}
{"level":"error","message":"connect ECONNREFUSED 127.0.0.1:27017 connect ECONNREFUSED 127.0.0.1:27017","reason":{"compatible":true,"heartbeatFrequencyMS":10000,"localThresholdMS":15,"servers":{},"stale":false,"type":"Unknown"},"stack":"MongooseServerSelectionError: connect ECONNREFUSED 127.0.0.1:27017\n    at NativeConnection.Connection.openUri (E:\\fresh-start\\Node.js The Complete Guide to Build RESTful APIs (2018)\\practice\\video rental app\\node_modules\\mongoose\\lib\\connection.js:801:32)\n    at E:\\fresh-start\\Node.js The Complete Guide to Build RESTful APIs (2018)\\practice\\video rental app\\node_modules\\mongoose\\lib\\index.js:341:10\n    at E:\\fresh-start\\Node.js The Complete Guide to Build RESTful APIs (2018)\\practice\\video rental app\\node_modules\\mongoose\\lib\\helpers\\promiseOrCallback.js:32:5\n    at new Promise (<anonymous>)\n    at promiseOrCallback (E:\\fresh-start\\Node.js The Complete Guide to Build RESTful APIs (2018)\\practice\\video rental app\\node_modules\\mongoose\\lib\\helpers\\promiseOrCallback.js:31:10)\n    at Mongoose._promiseOrCallback (E:\\fresh-start\\Node.js The Complete Guide to Build RESTful APIs (2018)\\practice\\video rental app\\node_modules\\mongoose\\lib\\index.js:1167:10)\n    at Mongoose.connect (E:\\fresh-start\\Node.js The Complete Guide to Build RESTful APIs (2018)\\practice\\video rental app\\node_modules\\mongoose\\lib\\index.js:340:20)\n    at Object.<anonymous> (E:\\fresh-start\\Node.js The Complete Guide to Build RESTful APIs (2018)\\practice\\video rental app\\index.js:39:4)\n    at Module._compile (node:internal/modules/cjs/loader:1101:14)\n    at Object.Module._extensions..js (node:internal/modules/cjs/loader:1153:10)\n    at Module.load (node:internal/modules/cjs/loader:981:32)\n    at Function.Module._load (node:internal/modules/cjs/loader:822:12)\n    at Function.executeUserEntryPoint [as runMain] (node:internal/modules/run_main:81:12)\n    at node:internal/main/run_main_module:17:47"}
{"level":"error","message":"connect ECONNREFUSED 127.0.0.1:27017 connect ECONNREFUSED 127.0.0.1:27017","reason":{"compatible":true,"heartbeatFrequencyMS":10000,"localThresholdMS":15,"servers":{},"stale":false,"type":"Unknown"},"stack":"MongooseServerSelectionError: connect ECONNREFUSED 127.0.0.1:27017\n    at NativeConnection.Connection.openUri (E:\\fresh-start\\Node.js The Complete Guide to Build RESTful APIs (2018)\\practice\\video rental app\\node_modules\\mongoose\\lib\\connection.js:801:32)\n    at E:\\fresh-start\\Node.js The Complete Guide to Build RESTful APIs (2018)\\practice\\video rental app\\node_modules\\mongoose\\lib\\index.js:341:10\n    at E:\\fresh-start\\Node.js The Complete Guide to Build RESTful APIs (2018)\\practice\\video rental app\\node_modules\\mongoose\\lib\\helpers\\promiseOrCallback.js:32:5\n    at new Promise (<anonymous>)\n    at promiseOrCallback (E:\\fresh-start\\Node.js The Complete Guide to Build RESTful APIs (2018)\\practice\\video rental app\\node_modules\\mongoose\\lib\\helpers\\promiseOrCallback.js:31:10)\n    at Mongoose._promiseOrCallback (E:\\fresh-start\\Node.js The Complete Guide to Build RESTful APIs (2018)\\practice\\video rental app\\node_modules\\mongoose\\lib\\index.js:1167:10)\n    at Mongoose.connect (E:\\fresh-start\\Node.js The Complete Guide to Build RESTful APIs (2018)\\practice\\video rental app\\node_modules\\mongoose\\lib\\index.js:340:20)\n    at Object.<anonymous> (E:\\fresh-start\\Node.js The Complete Guide to Build RESTful APIs (2018)\\practice\\video rental app\\index.js:41:4)\n    at Module._compile (node:internal/modules/cjs/loader:1101:14)\n    at Object.Module._extensions..js (node:internal/modules/cjs/loader:1153:10)\n    at Module.load (node:internal/modules/cjs/loader:981:32)\n    at Function.Module._load (node:internal/modules/cjs/loader:822:12)\n    at Function.executeUserEntryPoint [as runMain] (node:internal/modules/run_main:81:12)\n    at node:internal/main/run_main_module:17:47"}
{"level":"error","message":"connect ECONNREFUSED 127.0.0.1:27017 connect ECONNREFUSED 127.0.0.1:27017","reason":{"compatible":true,"heartbeatFrequencyMS":10000,"localThresholdMS":15,"servers":{},"stale":false,"type":"Unknown"},"stack":"MongooseServerSelectionError: connect ECONNREFUSED 127.0.0.1:27017\n    at NativeConnection.Connection.openUri (E:\\fresh-start\\Node.js The Complete Guide to Build RESTful APIs (2018)\\practice\\video rental app\\node_modules\\mongoose\\lib\\connection.js:801:32)\n    at E:\\fresh-start\\Node.js The Complete Guide to Build RESTful APIs (2018)\\practice\\video rental app\\node_modules\\mongoose\\lib\\index.js:341:10\n    at E:\\fresh-start\\Node.js The Complete Guide to Build RESTful APIs (2018)\\practice\\video rental app\\node_modules\\mongoose\\lib\\helpers\\promiseOrCallback.js:32:5\n    at new Promise (<anonymous>)\n    at promiseOrCallback (E:\\fresh-start\\Node.js The Complete Guide to Build RESTful APIs (2018)\\practice\\video rental app\\node_modules\\mongoose\\lib\\helpers\\promiseOrCallback.js:31:10)\n    at Mongoose._promiseOrCallback (E:\\fresh-start\\Node.js The Complete Guide to Build RESTful APIs (2018)\\practice\\video rental app\\node_modules\\mongoose\\lib\\index.js:1167:10)\n    at Mongoose.connect (E:\\fresh-start\\Node.js The Complete Guide to Build RESTful APIs (2018)\\practice\\video rental app\\node_modules\\mongoose\\lib\\index.js:340:20)\n    at Object.<anonymous> (E:\\fresh-start\\Node.js The Complete Guide to Build RESTful APIs (2018)\\practice\\video rental app\\index.js:42:4)\n    at Module._compile (node:internal/modules/cjs/loader:1101:14)\n    at Object.Module._extensions..js (node:internal/modules/cjs/loader:1153:10)\n    at Module.load (node:internal/modules/cjs/loader:981:32)\n    at Function.Module._load (node:internal/modules/cjs/loader:822:12)\n    at Function.executeUserEntryPoint [as runMain] (node:internal/modules/run_main:81:12)\n    at node:internal/main/run_main_module:17:47"}
{"address":"::","code":"EADDRINUSE","errno":-4091,"level":"error","message":"listen EADDRINUSE: address already in use :::5000 listen EADDRINUSE: address already in use :::5000","port":5000,"stack":"Error: listen EADDRINUSE: address already in use :::5000\n    at Server.setupListenHandle [as _listen2] (node:net:1334:16)\n    at listenInCluster (node:net:1382:12)\n    at Server.listen (node:net:1469:7)\n    at Function.listen (E:\\fresh-start\\Node.js The Complete Guide to Build RESTful APIs (2018)\\practice\\video rental app\\node_modules\\express\\lib\\application.js:618:24)\n    at Object.<anonymous> (E:\\fresh-start\\Node.js The Complete Guide to Build RESTful APIs (2018)\\practice\\video rental app\\index.js:56:5)\n    at Module._compile (node:internal/modules/cjs/loader:1101:14)\n    at Object.Module._extensions..js (node:internal/modules/cjs/loader:1153:10)\n    at Module.load (node:internal/modules/cjs/loader:981:32)\n    at Function.Module._load (node:internal/modules/cjs/loader:822:12)\n    at Function.executeUserEntryPoint [as runMain] (node:internal/modules/run_main:81:12)\n    at node:internal/main/run_main_module:17:47","syscall":"listen"}
{"level":"error","message":"connect ECONNREFUSED 127.0.0.1:27017 connect ECONNREFUSED 127.0.0.1:27017","reason":{"compatible":true,"heartbeatFrequencyMS":10000,"localThresholdMS":15,"servers":{},"stale":false,"type":"Unknown"},"stack":"MongooseServerSelectionError: connect ECONNREFUSED 127.0.0.1:27017\n    at NativeConnection.Connection.openUri (E:\\fresh-start\\Node.js The Complete Guide to Build RESTful APIs (2018)\\practice\\video rental app\\node_modules\\mongoose\\lib\\connection.js:801:32)\n    at E:\\fresh-start\\Node.js The Complete Guide to Build RESTful APIs (2018)\\practice\\video rental app\\node_modules\\mongoose\\lib\\index.js:341:10\n    at E:\\fresh-start\\Node.js The Complete Guide to Build RESTful APIs (2018)\\practice\\video rental app\\node_modules\\mongoose\\lib\\helpers\\promiseOrCallback.js:32:5\n    at new Promise (<anonymous>)\n    at promiseOrCallback (E:\\fresh-start\\Node.js The Complete Guide to Build RESTful APIs (2018)\\practice\\video rental app\\node_modules\\mongoose\\lib\\helpers\\promiseOrCallback.js:31:10)\n    at Mongoose._promiseOrCallback (E:\\fresh-start\\Node.js The Complete Guide to Build RESTful APIs (2018)\\practice\\video rental app\\node_modules\\mongoose\\lib\\index.js:1167:10)\n    at Mongoose.connect (E:\\fresh-start\\Node.js The Complete Guide to Build RESTful APIs (2018)\\practice\\video rental app\\node_modules\\mongoose\\lib\\index.js:340:20)\n    at Object.<anonymous> (E:\\fresh-start\\Node.js The Complete Guide to Build RESTful APIs (2018)\\practice\\video rental app\\index.js:42:4)\n    at Module._compile (node:internal/modules/cjs/loader:1101:14)\n    at Object.Module._extensions..js (node:internal/modules/cjs/loader:1153:10)\n    at Module.load (node:internal/modules/cjs/loader:981:32)\n    at Function.Module._load (node:internal/modules/cjs/loader:822:12)\n    at Function.executeUserEntryPoint [as runMain] (node:internal/modules/run_main:81:12)\n    at node:internal/main/run_main_module:17:47"}
{"level":"error","message":"connect ECONNREFUSED 127.0.0.1:27017 connect ECONNREFUSED 127.0.0.1:27017","reason":{"compatible":true,"heartbeatFrequencyMS":10000,"localThresholdMS":15,"servers":{},"stale":false,"type":"Unknown"},"stack":"MongooseServerSelectionError: connect ECONNREFUSED 127.0.0.1:27017\n    at NativeConnection.Connection.openUri (E:\\fresh-start\\Node.js The Complete Guide to Build RESTful APIs (2018)\\practice\\video rental app\\node_modules\\mongoose\\lib\\connection.js:801:32)\n    at E:\\fresh-start\\Node.js The Complete Guide to Build RESTful APIs (2018)\\practice\\video rental app\\node_modules\\mongoose\\lib\\index.js:341:10\n    at E:\\fresh-start\\Node.js The Complete Guide to Build RESTful APIs (2018)\\practice\\video rental app\\node_modules\\mongoose\\lib\\helpers\\promiseOrCallback.js:32:5\n    at new Promise (<anonymous>)\n    at promiseOrCallback (E:\\fresh-start\\Node.js The Complete Guide to Build RESTful APIs (2018)\\practice\\video rental app\\node_modules\\mongoose\\lib\\helpers\\promiseOrCallback.js:31:10)\n    at Mongoose._promiseOrCallback (E:\\fresh-start\\Node.js The Complete Guide to Build RESTful APIs (2018)\\practice\\video rental app\\node_modules\\mongoose\\lib\\index.js:1167:10)\n    at Mongoose.connect (E:\\fresh-start\\Node.js The Complete Guide to Build RESTful APIs (2018)\\practice\\video rental app\\node_modules\\mongoose\\lib\\index.js:340:20)\n    at Object.<anonymous> (E:\\fresh-start\\Node.js The Complete Guide to Build RESTful APIs (2018)\\practice\\video rental app\\index.js:42:4)\n    at Module._compile (node:internal/modules/cjs/loader:1101:14)\n    at Object.Module._extensions..js (node:internal/modules/cjs/loader:1153:10)\n    at Module.load (node:internal/modules/cjs/loader:981:32)\n    at Function.Module._load (node:internal/modules/cjs/loader:822:12)\n    at Function.executeUserEntryPoint [as runMain] (node:internal/modules/run_main:81:12)\n    at node:internal/main/run_main_module:17:47"}
{"level":"error","message":"connect ECONNREFUSED 127.0.0.1:27017 connect ECONNREFUSED 127.0.0.1:27017","reason":{"compatible":true,"heartbeatFrequencyMS":10000,"localThresholdMS":15,"servers":{},"stale":false,"type":"Unknown"},"stack":"MongooseServerSelectionError: connect ECONNREFUSED 127.0.0.1:27017\n    at NativeConnection.Connection.openUri (E:\\fresh-start\\Node.js The Complete Guide to Build RESTful APIs (2018)\\practice\\video rental app\\node_modules\\mongoose\\lib\\connection.js:801:32)\n    at E:\\fresh-start\\Node.js The Complete Guide to Build RESTful APIs (2018)\\practice\\video rental app\\node_modules\\mongoose\\lib\\index.js:341:10\n    at E:\\fresh-start\\Node.js The Complete Guide to Build RESTful APIs (2018)\\practice\\video rental app\\node_modules\\mongoose\\lib\\helpers\\promiseOrCallback.js:32:5\n    at new Promise (<anonymous>)\n    at promiseOrCallback (E:\\fresh-start\\Node.js The Complete Guide to Build RESTful APIs (2018)\\practice\\video rental app\\node_modules\\mongoose\\lib\\helpers\\promiseOrCallback.js:31:10)\n    at Mongoose._promiseOrCallback (E:\\fresh-start\\Node.js The Complete Guide to Build RESTful APIs (2018)\\practice\\video rental app\\node_modules\\mongoose\\lib\\index.js:1167:10)\n    at Mongoose.connect (E:\\fresh-start\\Node.js The Complete Guide to Build RESTful APIs (2018)\\practice\\video rental app\\node_modules\\mongoose\\lib\\index.js:340:20)\n    at Object.<anonymous> (E:\\fresh-start\\Node.js The Complete Guide to Build RESTful APIs (2018)\\practice\\video rental app\\index.js:42:4)\n    at Module._compile (node:internal/modules/cjs/loader:1101:14)\n    at Object.Module._extensions..js (node:internal/modules/cjs/loader:1153:10)\n    at Module.load (node:internal/modules/cjs/loader:981:32)\n    at Function.Module._load (node:internal/modules/cjs/loader:822:12)\n    at Function.executeUserEntryPoint [as runMain] (node:internal/modules/run_main:81:12)\n    at node:internal/main/run_main_module:17:47"}
{"level":"info","message":"Listening on port 5000..."}
{"level":"info","message":"Listening on port 5000..."}
{"level":"info","message":"Listening on port 5000..."}
{"level":"info","message":"Listening on port 5000..."}
{"level":"info","message":"Listening on port 5000..."}
{"level":"info","message":"Listening on port 5000..."}
{"level":"info","message":"Listening on port 5000..."}
{"level":"info","message":"Listening on port 5000..."}
{"level":"info","message":"Listening on port 5000..."}
{"level":"info","message":"Listening on port 5000..."}
{"level":"info","message":"Listening on port 5000..."}
{"level":"info","message":"Listening on port 5000..."}
{"level":"info","message":"Listening on port 5000..."}
{"level":"info","message":"Connected to MongoDB..."}
{"level":"info","message":"Listening on port 5000..."}
{"level":"info","message":"Connected to mongodb://localhost/vidly..."}
{"level":"info","message":"Listening on port 5000..."}
{"level":"info","message":"Listening on port 5000..."}
{"level":"info","message":"Listening on port 5000..."}
{"level":"info","message":"Connected to mongodb://localhost/vidly_tests..."}
{"level":"info","message":"Listening on port 5000..."}
{"level":"info","message":"Connected to mongodb://localhost/vidly_tests..."}
{"level":"info","message":"Listening on port 5000..."}
{"level":"info","message":"Connected to mongodb://localhost/vidly_tests..."}
{"level":"info","message":"Listening on port 5000..."}
{"level":"info","message":"Connected to mongodb://localhost/vidly_tests..."}
{"level":"info","message":"Listening on port 5000..."}
{"level":"info","message":"Connected to mongodb://localhost/vidly_tests..."}
{"level":"info","message":"Listening on port 5000..."}
{"level":"info","message":"Connected to mongodb://localhost/vidly_tests..."}
{"level":"info","message":"Listening on port 5000..."}
{"level":"info","message":"Connected to mongodb://localhost/vidly_tests..."}
{"level":"info","message":"Listening on port 5000..."}
{"level":"info","message":"Connected to mongodb://localhost/vidly_tests..."}
{"level":"info","message":"Listening on port 5000..."}
{"level":"info","message":"Connected to mongodb://localhost/vidly_tests..."}
{"level":"info","message":"Listening on port 5000..."}
{"level":"info","message":"Connected to mongodb://localhost/vidly_tests..."}
{"level":"info","message":"Listening on port 5000..."}
{"level":"info","message":"Connected to mongodb://localhost/vidly_tests..."}
{"level":"info","message":"Listening on port 5000..."}
{"level":"info","message":"Connected to mongodb://localhost/vidly_tests..."}
{"level":"info","message":"Listening on port 5000..."}
{"level":"info","message":"Connected to mongodb://localhost/vidly_tests..."}
{"level":"info","message":"Listening on port 5000..."}
{"level":"info","message":"Connected to mongodb://localhost/vidly_tests..."}
{"level":"info","message":"Listening on port 5000..."}
{"level":"info","message":"Connected to mongodb://localhost/vidly_tests..."}
{"level":"info","message":"Listening on port 5000..."}
{"level":"info","message":"Connected to mongodb://localhost/vidly_tests..."}
{"level":"info","message":"Listening on port 5000..."}
{"level":"info","message":"Connected to mongodb://localhost/vidly_tests..."}
{"level":"info","message":"Listening on port 5000..."}
{"level":"info","message":"Connected to mongodb://localhost/vidly_tests..."}
{"level":"info","message":"Listening on port 5000..."}
{"level":"info","message":"Connected to mongodb://localhost/vidly_tests..."}
{"level":"info","message":"Listening on port 5000..."}
{"level":"info","message":"Connected to mongodb://localhost/vidly_tests..."}
{"level":"info","message":"Listening on port 5000..."}
{"level":"info","message":"Connected to mongodb://localhost/vidly_tests..."}
{"level":"info","message":"Listening on port 5000..."}
{"level":"info","message":"Connected to mongodb://localhost/vidly_tests..."}
{"level":"info","message":"Listening on port 5000..."}
{"level":"info","message":"Connected to mongodb://localhost/vidly_tests..."}
{"level":"info","message":"Listening on port 5000..."}
{"level":"info","message":"Connected to mongodb://localhost/vidly_tests..."}
{"level":"info","message":"Listening on port 5000..."}
{"level":"info","message":"Connected to mongodb://localhost/vidly_tests..."}
{"level":"info","message":"Listening on port 5000..."}
{"level":"info","message":"Connected to mongodb://localhost/vidly_tests..."}
{"level":"info","message":"Listening on port 5000..."}
{"level":"info","message":"Connected to mongodb://localhost/vidly_tests..."}
{"level":"info","message":"Listening on port 5000..."}
{"level":"info","message":"Connected to mongodb://localhost/vidly_tests..."}
{"level":"info","message":"Listening on port 5000..."}
{"level":"info","message":"Connected to mongodb://localhost/vidly_tests..."}
{"level":"info","message":"Listening on port 5000..."}
{"level":"info","message":"Connected to mongodb://localhost/vidly_tests..."}
{"level":"info","message":"Listening on port 5000..."}
{"level":"info","message":"Connected to mongodb://localhost/vidly_tests..."}
{"level":"info","message":"Listening on port 5000..."}
{"level":"info","message":"Connected to mongodb://localhost/vidly_tests..."}
{"level":"info","message":"Listening on port 5000..."}
{"level":"info","message":"Connected to mongodb://localhost/vidly_tests..."}
{"level":"info","message":"Listening on port 5000..."}
{"level":"info","message":"Connected to mongodb://localhost/vidly_tests..."}
{"level":"info","message":"Listening on port 5000..."}
{"level":"info","message":"Connected to mongodb://localhost/vidly_tests..."}
{"level":"info","message":"Listening on port 5000..."}
{"level":"info","message":"Connected to mongodb://localhost/vidly_tests..."}
{"level":"info","message":"Listening on port 5000..."}
{"level":"info","message":"Connected to mongodb://localhost/vidly_tests..."}
{"level":"info","message":"Listening on port 5000..."}
{"level":"info","message":"Connected to mongodb://localhost/vidly_tests..."}
{"level":"info","message":"Listening on port 5000..."}
{"level":"info","message":"Connected to mongodb://localhost/vidly_tests..."}
{"level":"info","message":"Listening on port 5000..."}
{"level":"info","message":"Connected to mongodb://localhost/vidly_tests..."}
{"level":"info","message":"Listening on port 5000..."}
{"level":"info","message":"Connected to mongodb://localhost/vidly_tests..."}
{"level":"info","message":"Listening on port 5000..."}
{"level":"info","message":"Connected to mongodb://localhost/vidly_tests..."}
{"level":"info","message":"Listening on port 5000..."}
{"level":"info","message":"Connected to mongodb://localhost/vidly_tests..."}
{"level":"info","message":"Listening on port 5000..."}
{"level":"info","message":"Connected to mongodb://localhost/vidly_tests..."}
{"level":"info","message":"Listening on port 5000..."}
{"level":"info","message":"Connected to mongodb://localhost/vidly_tests..."}
{"level":"info","message":"Listening on port 5000..."}
{"level":"info","message":"Connected to mongodb://localhost/vidly_tests..."}
{"level":"info","message":"Listening on port 5000..."}
{"level":"info","message":"Connected to mongodb://localhost/vidly_tests..."}
{"level":"info","message":"Listening on port 5000..."}
{"level":"info","message":"Connected to mongodb://localhost/vidly_tests..."}
{"level":"info","message":"Listening on port 5000..."}
{"level":"info","message":"Connected to mongodb://localhost/vidly_tests..."}
{"level":"info","message":"Listening on port 5000..."}
{"level":"info","message":"Connected to mongodb://localhost/vidly_tests..."}
{"level":"info","message":"Listening on port 5000..."}
{"level":"info","message":"Connected to mongodb://localhost/vidly_tests..."}
{"level":"info","message":"Listening on port 5000..."}
{"level":"info","message":"Connected to mongodb://localhost/vidly_tests..."}
{"level":"info","message":"Listening on port 5000..."}
{"level":"info","message":"Connected to mongodb://localhost/vidly_tests..."}
{"level":"info","message":"Listening on port 5000..."}
{"level":"info","message":"Connected to mongodb://localhost/vidly_tests..."}
